<?xml version="1.0" encoding="UTF-8"?>
<!-- Generated by org.testng.reporters.JUnitReportReporter -->
<testsuite hostname="WindowsPC" failures="0" tests="1" name="com.techproed.tests.ExplicitWaitTest" time="8.990" errors="0" timestamp="2023-10-04T17:22:33 CEST" skipped="0">
  <testcase classname="com.techproed.tests.ExplicitWaitTest" name="explicitWait" time="8.990"/>
</testsuite> <!-- com.techproed.tests.ExplicitWaitTest -->
