<?xml version="1.0" encoding="UTF-8"?>
<!-- Generated by org.testng.reporters.JUnitReportReporter -->
<testsuite hostname="WindowsPC" failures="0" tests="1" name="com.techproed.Batch3SeleniumPractice.Day5.TestCase3" time="15.456" errors="0" timestamp="2023-10-04T17:22:33 CEST" skipped="0">
  <testcase classname="com.techproed.Batch3SeleniumPractice.Day5.TestCase3" name="TestCase2" time="15.456"/>
</testsuite> <!-- com.techproed.Batch3SeleniumPractice.Day5.TestCase3 -->
