<?xml version="1.0" encoding="UTF-8"?>
<!-- Generated by org.testng.reporters.JUnitReportReporter -->
<testsuite hostname="WindowsPC" failures="0" tests="4" name="com.techproed.tests.TestNGAnnotations" time="0.000" errors="0" timestamp="2023-10-04T17:22:33 CEST" skipped="1">
  <testcase classname="com.techproed.tests.TestNGAnnotations" name="test3" time="0.000"/>
  <testcase classname="com.techproed.tests.TestNGAnnotations" name="test4" time="0.000"/>
  <testcase classname="com.techproed.tests.TestNGAnnotations" name="test1" time="0.000"/>
  <testcase classname="com.techproed.tests.TestNGAnnotations" name="test2">
    <skipped/>
  </testcase> <!-- test2 -->
</testsuite> <!-- com.techproed.tests.TestNGAnnotations -->
