<?xml version="1.0" encoding="UTF-8"?>
<!-- Generated by org.testng.reporters.JUnitReportReporter -->
<testsuite hostname="WindowsPC" failures="0" tests="1" name="com.techproed.Batch3SeleniumPractice.day10.TestCase1" time="10.607" errors="0" timestamp="2023-10-04T17:22:33 CEST" skipped="0">
  <testcase classname="com.techproed.Batch3SeleniumPractice.day10.TestCase1" name="teble" time="10.607"/>
</testsuite> <!-- com.techproed.Batch3SeleniumPractice.day10.TestCase1 -->
