<?xml version="1.0" encoding="UTF-8"?>
<!-- Generated by org.testng.reporters.JUnitReportReporter -->
<testsuite hostname="WindowsPC" failures="0" tests="1" name="com.techproed.Batch3SeleniumPractice.Day4.TestCase3" time="6.458" errors="0" timestamp="2023-10-04T17:22:33 CEST" skipped="0">
  <testcase classname="com.techproed.Batch3SeleniumPractice.Day4.TestCase3" name="testCase1" time="6.458"/>
</testsuite> <!-- com.techproed.Batch3SeleniumPractice.Day4.TestCase3 -->
